accountsservice					install
accountsservice-ubuntu-schemas			install
accountsservice-ubuntu-touch-schemas		install
acl						install
acpi-support					install
acpid						install
adduser						install
adwaita-icon-theme				install
alsa-base					install
alsa-utils					install
anacron						install
ant						install
ant-optional					install
antlr						install
apache2						install
apache2-bin					install
apache2-data					install
apache2-mpm-prefork				install
apg						install
app-install-data				install
app-install-data-partner			install
apparmor					install
apparmor-easyprof				install
apparmor-easyprof-ubuntu			install
apport						install
apport-gtk					install
apport-symptoms					install
apt						install
apt-transport-https				install
apt-utils					install
apt-xapian-index				install
aptdaemon					install
aptdaemon-data					install
aptitude					install
aptitude-common					install
arp-scan					install
artha						install
aspectj						install
aspell						install
aspell-en					install
at-spi2-core					install
atom						install
attr						install
audacity					install
audacity-data					install
audience					install
authbind					deinstall
autoconf					install
automake					install
autotools-dev					install
avahi-daemon					install
avahi-utils					install
azureus						install
bamfdaemon					install
base-files					install
base-passwd					install
bash						install
bash-completion					install
bc						install
bcmwl-kernel-source				install
bind9-host					install
binfmt-support					install
binutils					install
bison						install
bleachbit					install
bluez						install
bluez-alsa:amd64				install
bluez-cups					install
bnd						install
brasero						install
brasero-cdrkit					install
brasero-common					install
brltty						install
bsdmainutils					install
bsdutils					install
bsh						install
build-essential					install
busybox-initramfs				install
busybox-static					install
bzip2						install
ca-certificates					install
ca-certificates-java				install
cabextract					install
capnet-assist					install
cerbere						install
checkstyle					install
cheese						install
cheese-common					install
chromium-browser				deinstall
clamav						install
clamav-base					install
clamav-freshclam				install
cli-common					install
click						install
click-apparmor					install
colord						install
colordiff					install
command-not-found				install
command-not-found-data				install
conky						install
conky-manager					install
conky-std					install
console-setup					install
contractor					install
coreutils					install
cpio						install
cpp						install
cpp-4.8						install
cpp-6						install
cracklib-runtime				install
crda						install
cron						install
cups						install
cups-browsed					install
cups-bsd					install
cups-client					install
cups-common					install
cups-core-drivers				install
cups-daemon					install
cups-filters					install
cups-filters-core-drivers			install
cups-pk-helper					install
cups-ppdc					install
cups-server-common				install
curl						install
cython						install
dash						install
dbconfig-common					install
dbus						install
dbus-x11					install
dc						install
dconf-cli					install
dconf-editor					install
dconf-gsettings-backend:amd64			install
dconf-service					install
dconf-tools					install
debconf						install
debconf-i18n					install
debhelper					install
debianutils					install
default-jdk					install
default-jre					install
default-jre-headless				install
deja-dup					install
deja-dup-backend-gvfs				install
desktop-file-utils				install
dh-apparmor					install
dh-python					install
dialog						install
dictionaries-common				install
diffstat					install
diffutils					install
dkms						install
dmidecode					install
dmsetup						install
dnsmasq-base					install
dnsutils					install
doc-base					install
docutils-common					install
docutils-doc					install
dosfstools					install
dpkg						install
dpkg-dev					install
dropbox						install
duplicity					install
dvd+rw-tools					install
e2fslibs:amd64					install
e2fsprogs					install
ed						install
efibootmgr					install
eject						install
elementary-artwork				install
elementary-default-settings			install
elementary-desktop				install
elementary-dpms-helper				install
elementary-icon-theme				install
elementary-live-settings			install
elementary-minimal				install
elementary-os-overlay				install
elementary-printer-test-page			install
elementary-standard				install
elementary-theme				install
elementary-tweaks				install
elementary-wallpapers				install
enchant						install
espeak						install
espeak-data:amd64				install
evince						install
evince-common					install
evolution-data-server				install
evolution-data-server-common			install
evolution-data-server-online-accounts		install
exuberant-ctags					install
faba-icon-theme					deinstall
faenza-icon-theme				install
fakeroot					install
ffmpeg						install
file						install
file-roller					install
findutils					install
firefox						install
fish						install
flareget					install
flashplugin-installer				install
folks-common					install
fontconfig					install
fontconfig-config				install
fonts-capture-it-elementary			install
fonts-croscore					install
fonts-croscore-config-elementary		install
fonts-daniel-elementary				install
fonts-dejavu					install
fonts-dejavu-core				install
fonts-dejavu-extra				install
fonts-droid					install
fonts-elementary-core				install
fonts-elementary-extra				install
fonts-freefont-ttf				install
fonts-horai-umefont				install
fonts-hvd-bodedo-elementary			install
fonts-jenna-sue-elementary			install
fonts-kacst					install
fonts-kacst-one					install
fonts-khmer-mondulkiri-elementary		install
fonts-khmeros-core				install
fonts-lao					install
fonts-liberation				install
fonts-limelight-elementary			install
fonts-lklug-sinhala				install
fonts-lmodern					install
fonts-lobster-elementary			install
fonts-lyx					install
fonts-mathjax					install
fonts-nanum					install
fonts-open-sans-elementary			install
fonts-open-sans-emoji-elementary		install
fonts-opensymbol				install
fonts-operating-instructions-elementary		install
fonts-plainblack-elementary			install
fonts-raleway-elementary			install
fonts-sil-abyssinica				install
fonts-sil-gentium				install
fonts-sil-gentium-basic				install
fonts-sil-padauk				install
fonts-stix					install
fonts-takao-pgothic				install
fonts-texgyre					install
fonts-thai-tlwg					install
fonts-tibetan-machine				install
fonts-tlwg-garuda				install
fonts-tlwg-kinnari				install
fonts-tlwg-loma					install
fonts-tlwg-mono					install
fonts-tlwg-norasi				install
fonts-tlwg-purisa				install
fonts-tlwg-sawasdee				install
fonts-tlwg-typewriter				install
fonts-tlwg-typist				install
fonts-tlwg-typo					install
fonts-tlwg-umpush				install
fonts-tlwg-waree				install
fonts-unfonts-core				install
fonts-wqy-microhei				install
foomatic-db-compressed-ppds			install
fop						install
friendly-recovery				install
ftp						install
fuse						install
g++						install
g++-4.8						install
g++-6						install
gala						install
gawk						install
gcc						install
gcc-4.8						install
gcc-4.8-base:amd64				install
gcc-4.8-base:i386				install
gcc-4.9-base:amd64				install
gcc-4.9-base:i386				install
gcc-6						install
gcc-6-base:amd64				install
gcc-6-base:i386					install
gconf-service					install
gconf-service-backend				install
gconf2						install
gconf2-common					install
gcr						install
gdb						install
gdisk						install
geany						install
geany-common					install
geary						deinstall
gedit						install
gedit-common					install
genisoimage					install
geoclue						install
geoclue-ubuntu-geoip				install
geoip-database					install
gettext						install
gettext-base					install
gfortran					install
gfortran-4.8					install
ghostscript					install
ghostscript-x					install
gimp						install
gimp-data					install
ginn						install
gir1.2-appindicator3-0.1			install
gir1.2-atk-1.0					install
gir1.2-atspi-2.0				install
gir1.2-click-0.4				install
gir1.2-freedesktop				install
gir1.2-gdkpixbuf-2.0				install
gir1.2-gee-0.8					install
gir1.2-glib-2.0					install
gir1.2-gmenu-3.0				install
gir1.2-gnomebluetooth-1.0			install
gir1.2-gst-plugins-base-1.0			install
gir1.2-gstreamer-0.10				install
gir1.2-gstreamer-1.0				install
gir1.2-gtk-2.0					install
gir1.2-gtk-3.0:amd64				install
gir1.2-gtksource-3.0				install
gir1.2-gudev-1.0				install
gir1.2-ibus-1.0					install
gir1.2-javascriptcoregtk-3.0			install
gir1.2-json-1.0					install
gir1.2-keybinder-3.0				install
gir1.2-notify-0.7				install
gir1.2-packagekitglib-1.0			install
gir1.2-pango-1.0				install
gir1.2-peas-1.0					install
gir1.2-soup-2.4					install
gir1.2-vte-2.90					install
gir1.2-webkit-3.0				install
gir1.2-wnck-3.0:amd64				install
git						install
git-man						install
gkbd-capplet					install
gksu						install
glib-networking:amd64				install
glib-networking-common				install
glib-networking-services			install
gnome-accessibility-themes			install
gnome-bluetooth					install
gnome-control-center				install
gnome-control-center-data			install
gnome-control-center-shared-data		install
gnome-desktop3-data				install
gnome-exe-thumbnailer				install
gnome-font-viewer				install
gnome-icon-theme				install
gnome-icon-theme-full				install
gnome-icon-theme-symbolic			install
gnome-keyring					install
gnome-menus					install
gnome-orca					install
gnome-power-manager				install
gnome-screenshot				install
gnome-session-bin				install
gnome-session-canberra				install
gnome-settings-daemon				install
gnome-settings-daemon-schemas			install
gnome-system-monitor				install
gnome-user-share				install
gnome-video-effects				install
gnome-web-photo					install
gnupg						install
google-chrome-stable				install
gparted						install
gpgv						install
gradle						install
grep						install
groff-base					install
groovy						install
growisofs					install
grub-common					install
grub-efi-amd64					install
grub-efi-amd64-bin				install
grub-efi-amd64-signed				install
grub2-common					install
gsettings-desktop-schemas			install
gsettings-ubuntu-schemas			install
gsettings-ubuntu-touch-schemas			install
gsfonts						install
gsfonts-x11					install
gstreamer0.10-alsa:amd64			install
gstreamer0.10-nice:amd64			install
gstreamer0.10-plugins-base:amd64		install
gstreamer0.10-plugins-base-apps			install
gstreamer0.10-plugins-good:amd64		install
gstreamer0.10-pulseaudio:amd64			install
gstreamer0.10-tools				install
gstreamer0.10-x:amd64				install
gstreamer1.0-alsa:amd64				install
gstreamer1.0-clutter				install
gstreamer1.0-libav:amd64			install
gstreamer1.0-plugins-base:amd64			install
gstreamer1.0-plugins-base-apps			install
gstreamer1.0-plugins-good:amd64			install
gstreamer1.0-plugins-ugly:amd64			install
gstreamer1.0-pulseaudio:amd64			install
gstreamer1.0-tools				install
gstreamer1.0-x:amd64				install
gtk-recordmydesktop				install
gtk2-engines-murrine:amd64			install
gtk2-engines-pixbuf:amd64			install
gtk3-engines-unico:amd64			install
gucharmap					install
gvfs:amd64					install
gvfs-backends					install
gvfs-bin					install
gvfs-common					install
gvfs-daemons					install
gvfs-fuse					install
gvfs-libs:amd64					install
gyp						install
gzip						install
hardening-includes				install
hdparm						install
hicolor-icon-theme				install
hostname					install
hplip						install
hplip-data					install
hud						install
humanity-icon-theme				install
hunspell-en-us					install
hwdata						install
i965-va-driver:amd64				install
ibus						install
ibus-gtk:amd64					install
ibus-gtk3:amd64					install
ibus-pinyin					install
ibus-table					install
icoutils					install
ifupdown					install
im-config					install
imagemagick					install
imagemagick-common				install
indicator-application				install
indicator-bluetooth				install
indicator-datetime				install
indicator-keyboard				install
indicator-messages				install
indicator-power					install
indicator-remindor				install
indicator-session				install
indicator-sound					install
info						install
init-system-helpers				install
initramfs-tools					install
initramfs-tools-bin				install
initscripts					install
inputattach					install
insserv						install
install-info					install
intltool-debian					install
iproute2					install
iptables					install
iputils-arping					install
iputils-ping					install
iputils-tracepath				install
ipython						install
ipython-qtconsole				install
irqbalance					install
isc-dhcp-client					install
isc-dhcp-common					install
iso-codes					install
ivy						install
iw						install
java-common					install
java-wrappers					install
javascript-common				install
junit						install
junit4						install
kazam						install
kbd						install
kerneloops-daemon				install
keyboard-configuration				install
klibc-utils					install
kmod						install
krb5-locales					install
language-pack-bg				install
language-pack-bg-base				install
language-pack-ca				install
language-pack-ca-base				install
language-pack-cs				install
language-pack-cs-base				install
language-pack-da				install
language-pack-da-base				install
language-pack-de				install
language-pack-de-base				install
language-pack-en				install
language-pack-en-base				install
language-pack-fr				install
language-pack-fr-base				install
language-pack-gnome-bg				install
language-pack-gnome-bg-base			install
language-pack-gnome-ca				install
language-pack-gnome-ca-base			install
language-pack-gnome-cs				install
language-pack-gnome-cs-base			install
language-pack-gnome-da				install
language-pack-gnome-da-base			install
language-pack-gnome-de				install
language-pack-gnome-de-base			install
language-pack-gnome-en				install
language-pack-gnome-en-base			install
language-pack-gnome-fr				install
language-pack-gnome-fr-base			install
language-pack-gnome-hu				install
language-pack-gnome-hu-base			install
language-pack-gnome-id				install
language-pack-gnome-id-base			install
language-pack-gnome-it				install
language-pack-gnome-it-base			install
language-pack-gnome-ja				install
language-pack-gnome-ja-base			install
language-pack-gnome-ko				install
language-pack-gnome-ko-base			install
language-pack-gnome-nb				install
language-pack-gnome-nb-base			install
language-pack-gnome-nl				install
language-pack-gnome-nl-base			install
language-pack-gnome-pl				install
language-pack-gnome-pl-base			install
language-pack-gnome-pt				install
language-pack-gnome-pt-base			install
language-pack-gnome-ru				install
language-pack-gnome-ru-base			install
language-pack-gnome-sv				install
language-pack-gnome-sv-base			install
language-pack-gnome-th				install
language-pack-gnome-th-base			install
language-pack-gnome-uk				install
language-pack-gnome-uk-base			install
language-pack-gnome-vi				install
language-pack-gnome-vi-base			install
language-pack-gnome-zh-hant			install
language-pack-gnome-zh-hant-base		install
language-pack-hu				install
language-pack-hu-base				install
language-pack-id				install
language-pack-id-base				install
language-pack-it				install
language-pack-it-base				install
language-pack-ja				install
language-pack-ja-base				install
language-pack-ko				install
language-pack-ko-base				install
language-pack-nb				install
language-pack-nb-base				install
language-pack-nl				install
language-pack-nl-base				install
language-pack-pl				install
language-pack-pl-base				install
language-pack-pt				install
language-pack-pt-base				install
language-pack-ru				install
language-pack-ru-base				install
language-pack-sv				install
language-pack-sv-base				install
language-pack-th				install
language-pack-th-base				install
language-pack-uk				install
language-pack-uk-base				install
language-pack-vi				install
language-pack-vi-base				install
language-pack-zh-hant				install
language-pack-zh-hant-base			install
language-selector-common			install
laptop-detect					install
latex-beamer					install
latex-xcolor					install
less						install
liba52-0.7.4					install
libaa1:amd64					install
libaacs0:amd64					install
libaccounts-glib0:amd64				install
libaccounts-qt5-1				install
libaccountsservice0:amd64			install
libacl1:amd64					install
libaether-java					install
libaio1:amd64					install
libalgorithm-diff-perl				install
libalgorithm-diff-xs-perl			install
libalgorithm-merge-perl				install
libamd2.3.1:amd64				install
libandroid-properties1				install
libantlr-java					install
libaopalliance-java				install
libapache-pom-java				install
libapache2-mod-php5				install
libapparmor-perl				install
libapparmor1:amd64				install
libappindicator1				install
libappindicator3-1				install
libapr1:amd64					install
libaprutil1:amd64				install
libaprutil1-dbd-sqlite3:amd64			install
libaprutil1-ldap:amd64				install
libapt-inst1.5:amd64				install
libapt-pkg-perl					install
libapt-pkg4.12:amd64				install
libarchive-extract-perl				install
libarchive-zip-perl				install
libarchive13:amd64				install
libart-2.0-2:amd64				install
libasan0:amd64					install
libasan3:amd64					install
libasm3-java					install
libasm4-java					install
libasn1-8-heimdal:amd64				install
libasn1-8-heimdal:i386				install
libasound2:amd64				install
libasound2:i386					install
libasound2-data					install
libasound2-plugins:amd64			install
libasound2-plugins:i386				install
libaspectj-java					install
libaspell15					install
libasprintf-dev:amd64				install
libasprintf0c2:amd64				install
libass4:amd64					deinstall
libass5:amd64					install
libassuan0:amd64				install
libasync-http-client-java			install
libasyncns0:amd64				install
libasyncns0:i386				install
libatasmart4:amd64				install
libatinject-jsr330-api-java			install
libatk-adaptor:amd64				install
libatk-bridge2.0-0:amd64			install
libatk-wrapper-java				install
libatk-wrapper-java-jni:amd64			install
libatk1.0-0:amd64				install
libatk1.0-0:i386				install
libatk1.0-data					install
libatk1.0-dev					install
libatkmm-1.6-1:amd64				install
libatlas-base-dev				install
libatlas-dev					install
libatlas3-base					install
libatomic1:amd64				install
libatspi2.0-0:amd64				install
libattr1:amd64					install
libaudclient2:amd64				install
libaudio2:amd64					install
libaudit-common					install
libaudit1:amd64					install
libauthen-sasl-perl				install
libautodie-perl					install
libav-tools					install
libavahi-client3:amd64				install
libavahi-client3:i386				install
libavahi-common-data:amd64			install
libavahi-common-data:i386			install
libavahi-common3:amd64				install
libavahi-common3:i386				install
libavahi-core7:amd64				install
libavahi-glib1:amd64				install
libavalon-framework-java			install
libavc1394-0:amd64				install
libavcodec-dev					install
libavcodec54:amd64				install
libavdevice53:amd64				install
libavfilter3:amd64				install
libavformat-dev					install
libavformat54:amd64				install
libavresample1:amd64				install
libavutil-dev					install
libavutil52:amd64				install
libbabl-0.1-0:amd64				install
libbamf3-2:amd64				install
libbasicusageenvironment0			install
libbatik-java					install
libbcel-java					install
libbcpg-java					install
libbcprov-java					install
libbibutils2					install
libbind9-90					install
libbindex-java					install
libbison-dev:amd64				install
libblas-dev					install
libblas3					install
libblkid1:amd64					install
libbluetooth3:amd64				install
libbluray1:amd64				install
libbonobo2-0:amd64				install
libbonobo2-common				install
libbonoboui2-0:amd64				install
libbonoboui2-common				install
libboost-date-time1.54.0:amd64			install
libboost-filesystem1.54.0:amd64			install
libboost-iostreams1.54.0:amd64			install
libboost-program-options1.54.0:amd64		install
libboost-serialization1.54.0:amd64		install
libboost-system1.54.0:amd64			install
libboost-thread1.54.0:amd64			install
libbrasero-media3-1				install
libbrlapi0.6:amd64				install
libbsd0:amd64					install
libbsf-java					install
libbsh-java					install
libbtf1.2.0:amd64				install
libburn4					install
libbz2-1.0:amd64				install
libc-ares-dev:amd64				install
libc-ares2:amd64				install
libc-bin					install
libc-dev-bin					install
libc6:amd64					install
libc6:i386					install
libc6-dbg:amd64					install
libc6-dev:amd64					install
libcaca0:amd64					install
libcairo-gobject2:amd64				install
libcairo-perl					install
libcairo-script-interpreter2:amd64		install
libcairo2:amd64					install
libcairo2:i386					install
libcairo2-dev					install
libcairomm-1.0-1:amd64				install
libcamd2.3.1:amd64				install
libcamel-1.2-45					install
libcanberra-gtk-module:amd64			install
libcanberra-gtk0:amd64				install
libcanberra-gtk3-0:amd64			install
libcanberra-gtk3-module:amd64			install
libcanberra-pulse:amd64				install
libcanberra0:amd64				install
libcap-ng0					install
libcap2:amd64					install
libcap2-bin					install
libcapi20-3:amd64				install
libcapi20-3:i386				install
libcapnp-0.4.0:amd64				install
libcc1-0:amd64					install
libccolamd2.8.0:amd64				install
libcddb2					install
libcdi-api-java					install
libcdio-cdda1					install
libcdio-paranoia1				install
libcdio13					install
libcdparanoia0:amd64				install
libcglib-java					install
libcgmanager0:amd64				install
libcgmanager0:i386				install
libchamplain-0.12-0:amd64			install
libchamplain-gtk-0.12-0:amd64			install
libcheese-gtk23:amd64				install
libcheese7:amd64				install
libcholmod2.1.2:amd64				install
libchromaprint0:amd64				install
libcilkrts5:amd64				install
libclamav6					deinstall
libclamav7					install
libclass-accessor-perl				install
libclass-data-inheritable-perl			install
libclassworlds-java				install
libclick-0.4-0:amd64				install
libclone-perl					install
libcloog-isl4:amd64				install
libclucene-contribs1:amd64			install
libclucene-core1:amd64				install
libclutter-1.0-0:amd64				install
libclutter-1.0-common				install
libclutter-gst-2.0-0:amd64			install
libclutter-gtk-1.0-0:amd64			install
libcodenarc-groovy-java				install
libcogl-common					install
libcogl-pango15:amd64				install
libcogl15:amd64					install
libcolamd2.8.0:amd64				install
libcolord1:amd64				install
libcolorhug1:amd64				install
libcolumbus1:amd64				install
libcolumbus1-common				install
libcomerr2:amd64				install
libcomerr2:i386					install
libcommon-sense-perl				install
libcommons-beanutils-java			install
libcommons-cli-java				install
libcommons-codec-java				install
libcommons-collections3-java			install
libcommons-configuration-java			install
libcommons-dbcp-java				install
libcommons-digester-java			install
libcommons-httpclient-java			install
libcommons-io-java				install
libcommons-jexl2-java				install
libcommons-jxpath-java				install
libcommons-lang-java				install
libcommons-logging-java				install
libcommons-net2-java				install
libcommons-parent-java				install
libcommons-pool-java				install
libcommons-vfs-java				install
libconstantine-java				install
libcontent-hub0:amd64				install
libcrack2:amd64					install
libcroco3:amd64					install
libcrypt-openssl-bignum-perl			install
libcrypt-openssl-rsa-perl			install
libcrystalhd3:amd64				install
libcsparse3.1.2:amd64				install
libcups2:amd64					install
libcups2:i386					install
libcupscgi1:amd64				install
libcupsfilters1:amd64				install
libcupsimage2:amd64				install
libcupsmime1:amd64				install
libcupsppdc1:amd64				install
libcurl3:amd64					install
libcurl3-gnutls:amd64				install
libcwidget3					install
libcxsparse3.1.2:amd64				install
libdaemon0					install
libdatrie1:amd64				install
libdatrie1:i386					install
libdb5.3:amd64					install
libdb5.3:i386					install
libdbd-mysql-perl				install
libdbi-perl					install
libdbus-1-3:amd64				install
libdbus-1-3:i386				install
libdbus-cpp2:amd64				install
libdbus-glib-1-2:amd64				install
libdbusmenu-glib4:amd64				install
libdbusmenu-gtk3-4:amd64			install
libdbusmenu-gtk4:amd64				install
libdbusmenu-qt2:amd64				install
libdbusmenu-qt5:amd64				install
libdc1394-22:amd64				install
libdca0:amd64					install
libdconf1:amd64					install
libdebconfclient0:amd64				install
libdee-1.0-4:amd64				install
libdee-qt5-3:amd64				install
libdevmapper1.02.1:amd64			install
libdigest-hmac-perl				install
libdirac-encoder0:amd64				deinstall
libdirectfb-1.2-9:amd64				install
libdjvulibre-text				install
libdjvulibre21:amd64				install
libdns100					install
libdom4j-java					install
libdotconf0:amd64				install
libdoxia-java					install
libdpkg-perl					install
libdrm-amdgpu1:amd64				install
libdrm-amdgpu1:i386				install
libdrm-intel1:amd64				install
libdrm-intel1:i386				install
libdrm-nouveau2:amd64				install
libdrm-nouveau2:i386				install
libdrm-radeon1:amd64				install
libdrm-radeon1:i386				install
libdrm2:amd64					install
libdrm2:i386					install
libdv4:amd64					install
libdvbpsi8:amd64				install
libdvdnav4:amd64				install
libdvdread4:amd64				install
libeasymock-java				install
libebackend-1.2-7				install
libebml4:amd64					install
libebook-1.2-14					install
libebook-contacts-1.2-0				install
libecal-1.2-16					install
libecj-java					install
libedata-book-1.2-20				install
libedata-cal-1.2-23				install
libedataserver-1.2-18				install
libedit2:amd64					install
libedit2:i386					install
libefivar0:amd64				install
libegl1-mesa-lts-vivid:amd64			deinstall
libegl1-mesa-lts-xenial:amd64			install
libelf1:amd64					install
libelf1:i386					install
libelfg0:amd64					install
libemail-valid-perl				install
libenca0:amd64					deinstall
libenchant1c2a:amd64				install
libencode-locale-perl				install
libepoxy0					install
libept1.4.12:amd64				install
liberror-perl					install
libespeak1:amd64				install
libestr0					install
libevdev2:amd64					install
libevdocument3-4				install
libevview3-3					install
libexcalibur-logkit-java			install
libexempi3:amd64				install
libexif12:amd64					install
libexif12:i386					install
libexiv2-12					install
libexpat1:amd64					install
libexpat1:i386					install
libexpat1-dev:amd64				install
libexttextcat-2.0-0				install
libexttextcat-data				install
libextutils-depends-perl			install
libextutils-pkgconfig-perl			install
libfaad2:amd64					install
libfakeroot:amd64				install
libfarstream-0.1-0:amd64			install
libfdk-aac0:amd64				install
libffi-dev:amd64				install
libffi6:amd64					install
libffi6:i386					install
libffmpegthumbnailer4				install
libfftw3-double3:amd64				install
libfftw3-single3:amd64				install
libfile-basedir-perl				install
libfile-copy-recursive-perl			install
libfile-desktopentry-perl			install
libfile-fcntllock-perl				install
libfile-listing-perl				install
libfile-mimeinfo-perl				install
libfile-which-perl				install
libflac++6:amd64				install
libflac8:amd64					install
libflac8:i386					install
libfolks-eds25:amd64				install
libfolks25:amd64				install
libfont-afm-perl				install
libfontconfig1:amd64				install
libfontconfig1:i386				install
libfontconfig1-dev				install
libfontembed1:amd64				install
libfontenc1:amd64				install
libfop-java					install
libframe6:amd64					install
libfreerdp1:amd64				install
libfreetype6:amd64				install
libfreetype6:i386				install
libfreetype6-dev				install
libfribidi0:amd64				install
libfs6:amd64					install
libfuse2:amd64					install
libgail-3-0:amd64				install
libgail-common:amd64				install
libgail18:amd64					install
libgala0:amd64					install
libganymed-ssh2-java				install
libgbm1:amd64					install
libgbm1-lts-vivid:amd64				deinstall
libgbm1-lts-xenial:amd64			install
libgcc-4.8-dev:amd64				install
libgcc-6-dev:amd64				install
libgcc1:amd64					install
libgcc1:i386					install
libgck-1-0:amd64				install
libgconf-2-4:amd64				install
libgconf2-4:amd64				install
libgcr-3-common					install
libgcr-base-3-1:amd64				install
libgcr-ui-3-1:amd64				install
libgcrypt11:amd64				install
libgcrypt11:i386				install
libgcrypt20:amd64				install
libgd3:amd64					install
libgd3:i386					install
libgdata-common					install
libgdata13					install
libgdbm-dev					install
libgdbm3:amd64					install
libgdiplus					install
libgdk-pixbuf2.0-0:amd64			install
libgdk-pixbuf2.0-0:i386				install
libgdk-pixbuf2.0-common				install
libgdk-pixbuf2.0-dev				install
libgee-0.8-2:amd64				install
libgee2:amd64					install
libgegl-0.2-0:amd64				install
libgeis1:amd64					install
libgeoclue0:amd64				install
libgeocode-glib0				install
libgeoip1:amd64					install
libgeronimo-interceptor-3.0-spec-java		install
libgeronimo-jpa-2.0-spec-java			install
libgeronimo-jta-1.1-spec-java			install
libgeronimo-osgi-support-java			install
libgettextpo-dev:amd64				install
libgettextpo0:amd64				install
libgexiv2-2:amd64				install
libgflags2					install
libgfortran-4.8-dev:amd64			install
libgfortran3:amd64				install
libghc-pandoc-citeproc-data			install
libgif4:amd64					install
libgif4:i386					install
libgimp2.0					install
libgirepository-1.0-1				install
libgksu2-0					install
libgl1-mesa-dri-lts-vivid:amd64			deinstall
libgl1-mesa-dri-lts-vivid:i386			deinstall
libgl1-mesa-dri-lts-xenial:amd64		install
libgl1-mesa-dri-lts-xenial:i386			install
libgl1-mesa-glx-lts-vivid:amd64			deinstall
libgl1-mesa-glx-lts-vivid:i386			deinstall
libgl1-mesa-glx-lts-xenial:amd64		install
libgl1-mesa-glx-lts-xenial:i386			install
libglade2-0:amd64				install
libglapi-mesa-lts-vivid:amd64			deinstall
libglapi-mesa-lts-vivid:i386			deinstall
libglapi-mesa-lts-xenial:amd64			install
libglapi-mesa-lts-xenial:i386			install
libgles1-mesa-lts-vivid:amd64			deinstall
libgles1-mesa-lts-xenial:amd64			install
libgles2-mesa-lts-vivid:amd64			deinstall
libgles2-mesa-lts-xenial:amd64			install
libglew1.10:amd64				install
libglib-perl					install
libglib2.0-0:amd64				install
libglib2.0-0:i386				install
libglib2.0-bin					install
libglib2.0-cil					install
libglib2.0-data					install
libglib2.0-dev					install
libglibmm-2.4-1c2a:amd64			install
libglu1-mesa:amd64				install
libglu1-mesa:i386				install
libgmetrics-groovy-java				install
libgmime-2.6-0:amd64				install
libgmp-dev:amd64				install
libgmp10:amd64					install
libgmpxx4ldbl:amd64				install
libgnome-bluetooth11				install
libgnome-control-center1			install
libgnome-desktop-3-7				install
libgnome-keyring-common				install
libgnome-keyring0:amd64				install
libgnome-menu-3-0				install
libgnome2-0:amd64				install
libgnome2-bin					install
libgnome2-canvas-perl				install
libgnome2-common				install
libgnome2-perl					install
libgnome2-vfs-perl				install
libgnome2-wnck-perl				install
libgnomecanvas2-0:amd64				install
libgnomecanvas2-common				install
libgnomekbd-common				install
libgnomekbd8					install
libgnomeui-0:amd64				install
libgnomeui-common				install
libgnomevfs2-0:amd64				install
libgnomevfs2-common				install
libgnomevfs2-extra:amd64			install
libgnuinet-java					install
libgnujaf-java					install
libgnumail-java					install
libgnutls-openssl27:amd64			install
libgnutls26:amd64				install
libgnutls26:i386				install
libgnutls28:amd64				install
libgoa-1.0-0b:amd64				install
libgoa-1.0-common				install
libgoa-backend-1.0-1:amd64			install
libgomp1:amd64					install
libgoo-canvas-perl				install
libgoocanvas-common				install
libgoocanvas3					install
libgoogle-glog0					install
libgoogle-gson-java				install
libgoogle-perftools4				install
libgpg-error0:amd64				install
libgpg-error0:i386				install
libgpgme11:amd64				install
libgphoto2-6:amd64				install
libgphoto2-6:i386				install
libgphoto2-l10n					install
libgphoto2-port10:amd64				install
libgphoto2-port10:i386				install
libgpm2:amd64					install
libgpm2:i386					install
libgpod-common					install
libgpod4:amd64					install
libgradle-core-java				install
libgradle-plugins-java				install
libgrail6					install
libgranite-common				install
libgranite2:amd64				install
libgranite3:amd64				install
libgraphite2-3:amd64				install
libgraphite2-3:i386				install
libgroupsock1					install
libgs9						install
libgs9-common					install
libgsettings-qt1:amd64				install
libgsf-1-114					install
libgsf-1-common					install
libgsm1:amd64					install
libgssapi-krb5-2:amd64				install
libgssapi-krb5-2:i386				install
libgssapi3-heimdal:amd64			install
libgssapi3-heimdal:i386				install
libgssdp-1.0-3					install
libgstreamer-plugins-base0.10-0:amd64		install
libgstreamer-plugins-base0.10-0:i386		install
libgstreamer-plugins-base1.0-0:amd64		install
libgstreamer-plugins-good1.0-0:amd64		install
libgstreamer0.10-0:amd64			install
libgstreamer0.10-0:i386				install
libgstreamer1.0-0:amd64				install
libgtk-3-0:amd64				install
libgtk-3-bin					install
libgtk-3-common					install
libgtk2-appindicator-perl			install
libgtk2-imageview-perl				install
libgtk2-perl					install
libgtk2-trayicon-perl				install
libgtk2-unique-perl				install
libgtk2.0-0:amd64				install
libgtk2.0-0:i386				install
libgtk2.0-bin					install
libgtk2.0-cil					install
libgtk2.0-common				install
libgtk2.0-dev					install
libgtkglext1					install
libgtkimageview0				install
libgtkmm-2.4-1c2a:amd64				install
libgtkmm-3.0-1:amd64				install
libgtksourceview-3.0-1:amd64			install
libgtksourceview-3.0-common			install
libgtkspell0					install
libgtkspell3-3-0				install
libgtop2-7					install
libgtop2-common					install
libguava-java					install
libgucharmap-2-90-7				install
libgudev-1.0-0:amd64				install
libguice-java					install
libgupnp-1.0-4					install
libgupnp-igd-1.0-4:amd64			install
libgusb2:amd64					install
libgutenprint2					install
libgweather-3-6					install
libgweather-common				install
libgxps2:amd64					install
libhamcrest-java				install
libhardware2					install
libharfbuzz-dev					install
libharfbuzz-gobject0:amd64			install
libharfbuzz-icu0:amd64				install
libharfbuzz0b:amd64				install
libharfbuzz0b:i386				install
libhawtjni-runtime-java				install
libhcrypto4-heimdal:amd64			install
libhcrypto4-heimdal:i386			install
libhdb9-heimdal:amd64				deinstall
libheimbase1-heimdal:amd64			install
libheimbase1-heimdal:i386			install
libheimntlm0-heimdal:amd64			install
libheimntlm0-heimdal:i386			install
libhogweed2:amd64				install
libhpmud0					install
libhsqldb1.8.0-java				install
libhtml-form-perl				install
libhtml-format-perl				install
libhtml-parser-perl				install
libhtml-tagset-perl				install
libhtml-template-perl				install
libhtml-tree-perl				install
libhttp-cookies-perl				install
libhttp-daemon-perl				install
libhttp-date-perl				install
libhttp-message-perl				install
libhttp-negotiate-perl				install
libhttp-server-simple-perl			install
libhttpclient-java				install
libhttpcore-java				install
libhttrack2					install
libhud-client2:amd64				install
libhud2:amd64					install
libhunspell-1.3-0:amd64				install
libhx509-5-heimdal:amd64			install
libhx509-5-heimdal:i386				install
libhybris					install
libhybris-common1				install
libhyphen0					install
libibus-1.0-5:amd64				install
libical1					install
libice-dev:amd64				install
libice6:amd64					install
libice6:i386					install
libicu52:amd64					install
libid3tag0					install
libidl-common					install
libidl0:amd64					install
libidn11:amd64					install
libido3-0.1-0:amd64				install
libiec61883-0:amd64				install
libieee1284-3:amd64				install
libieee1284-3:i386				install
libijs-0.35					install
libilmbase6:amd64				install
libimlib2					install
libimobiledevice4:amd64				install
libindicate5					install
libindicator3-7					install
libindicator7					install
libinput5:amd64					install
libio-html-perl					install
libio-pty-perl					install
libio-socket-inet6-perl				install
libio-socket-ssl-perl				install
libio-string-perl				install
libipc-run-perl					install
libipc-system-simple-perl			install
libisc95					install
libisccc90					install
libisccfg90					install
libisl10:amd64					deinstall
libisl15:amd64					install
libiso9660-8					install
libisofs6					install
libitext1-java					install
libitm1:amd64					install
libiw30:amd64					install
libjack-jackd2-0:amd64				install
libjack-jackd2-0:i386				install
libjackrabbit-java				install
libjaffl-java					install
libjansi-java					install
libjansi-native-java				install
libjarjar-java					install
libjasper-dev					install
libjasper1:amd64				install
libjasper1:i386					install
libjavascriptcoregtk-1.0-0:amd64		install
libjavascriptcoregtk-3.0-0:amd64		install
libjaxen-java					install
libjaxp1.3-java					install
libjbig-dev:amd64				install
libjbig0:amd64					install
libjbig0:i386					install
libjbig2dec0					install
libjcifs-java					install
libjcip-annotations-java			install
libjcommander-java				install
libjdom1-java					install
libjetty-extra					install
libjetty-extra-java				install
libjetty-java					install
libjffi-java					install
libjffi-jni					install
libjline-java					install
libjna-java					install
libjnr-posix-java				install
libjnr-x86asm-java				install
libjpeg-turbo8:amd64				install
libjpeg-turbo8:i386				install
libjpeg-turbo8-dev:amd64			install
libjpeg8:amd64					install
libjpeg8:i386					install
libjpeg8-dev:amd64				install
libjs-codemirror				install
libjs-jquery					install
libjs-jquery-cookie				install
libjs-jquery-event-drag				install
libjs-jquery-metadata				install
libjs-jquery-mousewheel				install
libjs-jquery-tablesorter			install
libjs-jquery-ui					install
libjs-mathjax					install
libjs-node-uuid					install
libjs-sphinxdoc					install
libjs-underscore				install
libjsch-java					install
libjson-c2:amd64				install
libjson-c2:i386					install
libjson-glib-1.0-0:amd64			install
libjson-glib-1.0-common				install
libjson-perl					install
libjson-xs-perl					install
libjson0:amd64					install
libjsoncpp0:amd64				install
libjsoup-java					install
libjsr305-java					install
libjte1						install
libk5crypto3:amd64				install
libk5crypto3:i386				install
libkate1					install
libkdc2-heimdal:amd64				deinstall
libkeybinder-3.0-0:amd64			install
libkeyutils1:amd64				install
libkeyutils1:i386				install
libklibc					install
libklu1.2.1:amd64				install
libkmod2:amd64					install
libkpathsea6					install
libkrb5-26-heimdal:amd64			install
libkrb5-26-heimdal:i386				install
libkrb5-3:amd64					install
libkrb5-3:i386					install
libkrb5support0:amd64				install
libkrb5support0:i386				install
libkryo-java					install
liblangtag-common				install
liblangtag1					install
liblapack-dev					install
liblapack3					install
liblcms2-2:amd64				install
liblcms2-2:i386					install
libldap-2.4-2:amd64				install
libldap-2.4-2:i386				install
libldb1:amd64					install
libldl2.1.0:amd64				install
liblightdm-gobject-1-0				install
liblircclient0					install
liblist-moreutils-perl				install
liblivemedia23					install
libllvm3.4:amd64				install
libllvm3.6:amd64				deinstall
libllvm3.6:i386					deinstall
libllvm3.8v4:amd64				install
libllvm3.8v4:i386				install
liblocale-gettext-perl				install
liblockfile-bin					install
liblockfile1:amd64				install
liblog-message-simple-perl			install
liblog4j1.2-java				install
liblogback-java					install
liblouis-data					install
liblouis2:amd64					install
liblqr-1-0:amd64				install
liblsan0:amd64					install
libltdl7:amd64					install
libltdl7:i386					install
liblttng-ust-ctl2:amd64				install
liblttng-ust0:amd64				install
liblua5.1-0:amd64				install
liblua5.2-0:amd64				install
liblwp-mediatypes-perl				install
liblwp-protocol-https-perl			install
liblwres90					install
liblzma-dev:amd64				install
liblzma5:amd64					install
liblzma5:i386					install
liblzo2-2:amd64					install
libmad0:amd64					install
libmagic1:amd64					install
libmagickcore5:amd64				install
libmagickcore5-extra:amd64			install
libmagickwand5:amd64				install
libmail-sendmail-perl				install
libmailtools-perl				install
libmatroska6:amd64				install
libmaven-ant-tasks-java				install
libmaven-parent-java				install
libmaven-scm-java				install
libmaven2-core-java				install
libmaya-calendar0:amd64				install
libmbim-glib0:amd64				deinstall
libmcrypt4					install
libmeanwhile1					install
libmedia1					install
libmediascanner-2.0-0:amd64			install
libmessaging-menu0				install
libmhash2:amd64					install
libminlog-java					install
libmirclient7:amd64				install
libmirclientplatform-mesa:amd64			install
libmirplatform:amd64				install
libmirprotobuf0:amd64				install
libmm-glib0:amd64				install
libmng2:amd64					install
libmnl0:amd64					install
libmockobjects-java				install
libmodello-java					install
libmodplug1					install
libmodule-pluggable-perl			install
libmono-addins-gui0.2-cil			install
libmono-addins0.2-cil				install
libmono-cairo4.0-cil				install
libmono-corlib4.0-cil				install
libmono-corlib4.5-cil				install
libmono-i18n-west4.0-cil			install
libmono-i18n4.0-cil				install
libmono-posix4.0-cil				install
libmono-security4.0-cil				install
libmono-sharpzip4.84-cil			install
libmono-system-configuration4.0-cil		install
libmono-system-core4.0-cil			install
libmono-system-drawing4.0-cil			install
libmono-system-security4.0-cil			install
libmono-system-xml4.0-cil			install
libmono-system4.0-cil				install
libmount1:amd64					install
libmp3lame0:amd64				install
libmpc3:amd64					install
libmpcdec6:amd64				install
libmpdec2:amd64					install
libmpeg2-4:amd64				install
libmpfr4:amd64					install
libmpg123-0:amd64				install
libmpg123-0:i386				install
libmpx2:amd64					install
libmtdev1:amd64					install
libmtp-common					install
libmtp-runtime					install
libmtp9:amd64					install
libmutter0d					install
libmx4j-java					install
libmysqlclient-dev				install
libmysqlclient18:amd64				install
libmythes-1.2-0					install
libnative-platform-java				install
libnative-platform-jni				install
libnautilus-extension1a				install
libncurses5:amd64				install
libncurses5:i386				install
libncurses5-dev:amd64				install
libncursesw5:amd64				install
libnekohtml-java				install
libneon27-gnutls				install
libnet-dbus-perl				install
libnet-dns-perl					install
libnet-domain-tld-perl				install
libnet-http-perl				install
libnet-ip-perl					install
libnet-libidn-perl				install
libnet-oauth-perl				install
libnet-smtp-ssl-perl				install
libnet-ssleay-perl				install
libnetbeans-cvsclient-java			install
libnetfilter-conntrack3:amd64			install
libnetpbm10					install
libnettle4:amd64				install
libnetty-java					install
libnewt0.52:amd64				install
libnfnetlink0:amd64				install
libnice10:amd64					install
libnih-dbus1:amd64				install
libnih-dbus1:i386				install
libnih1:amd64					install
libnih1:i386					install
libnl-3-200:amd64				install
libnl-genl-3-200:amd64				install
libnl-route-3-200:amd64				install
libnm-glib-vpn1					install
libnm-glib4					install
libnm-gtk-common				install
libnm-gtk0					install
libnm-util2					install
libnoise-core0					install
libnotify-bin					install
libnotify4:amd64				install
libnspr4:amd64					install
libnss-mdns:amd64				install
libnss-winbind:amd64				install
libnss3:amd64					install
libnss3-nssdb					install
libntdb1:amd64					deinstall
libnuma1:amd64					install
libnux-4.0-common				install
liboauth0:amd64					install
libobjenesis-java				install
libodbc1:amd64					install
libofono-qt1					install
libogg0:amd64					install
libogg0:i386					install
libopenal-data					install
libopenal1:amd64				install
libopenal1:i386					install
libopencc1:amd64				install
libopencore-amrnb0:amd64			install
libopencore-amrwb0:amd64			install
libopencv-calib3d2.4:amd64			install
libopencv-contrib2.4:amd64			install
libopencv-core2.4:amd64				install
libopencv-features2d2.4:amd64			install
libopencv-flann2.4:amd64			install
libopencv-highgui2.4:amd64			install
libopencv-imgproc2.4:amd64			install
libopencv-legacy2.4:amd64			install
libopencv-ml2.4:amd64				install
libopencv-objdetect2.4:amd64			install
libopencv-photo2.4:amd64			install
libopencv-video2.4:amd64			install
libopenexr6:amd64				install
libopenjpeg2:amd64				install
libopenobex1					install
libopenraw1:amd64				install
libopenrawgnome1:amd64				install
libopus0:amd64					install
liborbit-2-0:amd64				install
liborbit2:amd64					install
liborc-0.4-0:amd64				install
liborc-0.4-0:i386				install
libosgi-compendium-java				install
libosgi-core-java				install
libosgi-foundation-ee-java			install
libosmesa6:amd64				install
libosmesa6:i386					install
libp11-kit-gnome-keyring:amd64			install
libp11-kit-gnome-keyring:i386			install
libp11-kit0:amd64				install
libp11-kit0:i386				install
libpackagekit-glib2-16:amd64			install
libpam-cap:amd64				install
libpam-gnome-keyring:amd64			install
libpam-modules:amd64				install
libpam-modules-bin				install
libpam-runtime					install
libpam-systemd:amd64				install
libpam-winbind:amd64				install
libpam0g:amd64					install
libpango-1.0-0:amd64				install
libpango-1.0-0:i386				install
libpango-perl					install
libpango1.0-0:amd64				install
libpango1.0-dev					install
libpangocairo-1.0-0:amd64			install
libpangocairo-1.0-0:i386			install
libpangoft2-1.0-0:amd64				install
libpangoft2-1.0-0:i386				install
libpangomm-1.4-1:amd64				install
libpangox-1.0-0:amd64				install
libpangoxft-1.0-0:amd64				install
libpantheon-files-core0				install
libpantheon-files-widgets0			install
libpaper-utils					install
libpaper1:amd64					install
libparse-debianchangelog-perl			install
libparted0debian1:amd64				install
libpath-class-perl				install
libpcap0.8:amd64				install
libpci3:amd64					install
libpciaccess0:amd64				install
libpciaccess0:i386				install
libpcre3:amd64					install
libpcre3:i386					install
libpcre3-dev:amd64				install
libpcrecpp0:amd64				install
libpcsclite1:amd64				install
libpeas-1.0-0					install
libpeas-common					install
libperl5.18					install
libperlio-gzip-perl				install
libpgm-5.1-0:amd64				install
libpipeline1:amd64				install
libpixman-1-0:amd64				install
libpixman-1-0:i386				install
libpixman-1-dev					install
libplank-common					install
libplank0:amd64					install
libplexus-ant-factory-java			install
libplexus-archiver-java				install
libplexus-bsh-factory-java			install
libplexus-build-api-java			install
libplexus-cipher-java				install
libplexus-classworlds-java			install
libplexus-classworlds2-java			install
libplexus-cli-java				install
libplexus-container-default-java		install
libplexus-containers-java			install
libplexus-containers1.5-java			install
libplexus-i18n-java				install
libplexus-interactivity-api-java		install
libplexus-interpolation-java			install
libplexus-io-java				install
libplexus-sec-dispatcher-java			install
libplexus-utils-java				install
libplexus-utils2-java				install
libplist1:amd64					install
libplymouth2:amd64				install
libpng12-0:amd64				install
libpng12-0:i386					install
libpng12-dev					install
libpocketsphinx1				install
libpod-latex-perl				install
libpolkit-agent-1-0:amd64			install
libpolkit-backend-1-0:amd64			install
libpolkit-gobject-1-0:amd64			install
libpolyglot-maven-java				install
libpoppler-glib8:amd64				install
libpoppler44:amd64				install
libpopt0:amd64					install
libportaudio2:amd64				install
libportsmf0:amd64				install
libpostproc52					install
libproc-processtable-perl			install
libproc-simple-perl				install
libprocess-cpp1:amd64				install
libprocps3:amd64				install
libprotobuf8:amd64				install
libproxy-tools					install
libproxy1:amd64					install
libproxy1-plugin-gsettings:amd64		install
libproxy1-plugin-networkmanager:amd64		install
libptexenc1					install
libpthread-stubs0-dev:amd64			install
libpulse-mainloop-glib0:amd64			install
libpulse0:amd64					install
libpulse0:i386					install
libpulsedsp:amd64				install
libpurple-bin					install
libpurple0					install
libpwquality-common				install
libpwquality1:amd64				install
libpython-all-dbg:amd64				install
libpython-all-dev:amd64				install
libpython-dbg:amd64				install
libpython-dev:amd64				install
libpython-stdlib:amd64				install
libpython2.7:amd64				install
libpython2.7-dbg:amd64				install
libpython2.7-dev:amd64				install
libpython2.7-minimal:amd64			install
libpython2.7-stdlib:amd64			install
libpython3-all-dbg:amd64			install
libpython3-all-dev:amd64			install
libpython3-dbg:amd64				install
libpython3-dev:amd64				install
libpython3-stdlib:amd64				install
libpython3.4:amd64				install
libpython3.4-dbg:amd64				install
libpython3.4-dev:amd64				install
libpython3.4-minimal:amd64			install
libpython3.4-stdlib:amd64			install
libpyzy-1.0-0					install
libqdjango-db0:amd64				install
libqdox-java					install
libqmi-glib0:amd64				deinstall
libqpdf13:amd64					install
libqt4-dbus:amd64				install
libqt4-declarative:amd64			install
libqt4-designer:amd64				install
libqt4-help:amd64				install
libqt4-network:amd64				install
libqt4-opengl:amd64				install
libqt4-script:amd64				install
libqt4-scripttools:amd64			install
libqt4-sql:amd64				install
libqt4-svg:amd64				install
libqt4-test:amd64				install
libqt4-xml:amd64				install
libqt4-xmlpatterns:amd64			install
libqt5core5a:amd64				install
libqt5dbus5:amd64				install
libqt5gui5:amd64				install
libqt5network5:amd64				install
libqt5opengl5:amd64				install
libqt5organizer5:amd64				install
libqt5positioning5:amd64			install
libqt5printsupport5:amd64			install
libqt5qml-graphicaleffects:amd64		install
libqt5qml5:amd64				install
libqt5quick5:amd64				install
libqt5sensors5:amd64				install
libqt5sql5:amd64				install
libqt5sql5-sqlite:amd64				install
libqt5systeminfo5:amd64				install
libqt5test5:amd64				install
libqt5webkit5:amd64				install
libqt5widgets5:amd64				install
libqt5xml5:amd64				install
libqt5xmlpatterns5:amd64			install
libqtassistantclient4:amd64			install
libqtcore4:amd64				install
libqtdbus4:amd64				install
libqtgui4:amd64					install
libqtwebkit4:amd64				install
libquadmath0:amd64				install
libquvi-scripts					install
libquvi7:amd64					install
libraptor2-0:amd64				install
librasqal3:amd64				install
libraw1394-11:amd64				install
libraw9:amd64					install
librdf0:amd64					install
libreadline5:amd64				install
libreadline6:amd64				install
libreadline6-dev:amd64				install
libreflectasm-java				install
libregexp-java					install
libreoffice					install
libreoffice-avmedia-backend-gstreamer		install
libreoffice-base				install
libreoffice-base-core				install
libreoffice-base-drivers			install
libreoffice-calc				install
libreoffice-common				install
libreoffice-core				install
libreoffice-draw				install
libreoffice-gnome				install
libreoffice-gtk2				install
libreoffice-gtk3				install
libreoffice-impress				install
libreoffice-java-common				install
libreoffice-math				install
libreoffice-pdfimport				install
libreoffice-report-builder-bin			install
libreoffice-sdbc-firebird			install
libreoffice-sdbc-hsqldb				install
libreoffice-style-breeze			install
libreoffice-style-galaxy			install
libreoffice-style-human				install
libreoffice-style-tango				install
libreoffice-writer				install
libresid-builder0c2a				install
librest-0.7-0:amd64				install
librhino-java					install
libroken18-heimdal:amd64			install
libroken18-heimdal:i386				install
librsvg2-2:amd64				install
librsvg2-common:amd64				install
librsync1:amd64					install
librtmp0:amd64					install
libruby1.9.1					install
libsamplerate0:amd64				install
libsamplerate0:i386				install
libsane:amd64					install
libsane:i386					install
libsane-common					install
libsane-hpaio					install
libsasl2-2:amd64				install
libsasl2-2:i386					install
libsasl2-modules:amd64				install
libsasl2-modules:i386				install
libsasl2-modules-db:amd64			install
libsasl2-modules-db:i386			install
libsaxon-java					install
libsbc1:amd64					install
libsbsms10:amd64				install
libschroedinger-1.0-0:amd64			install
libscratchcore0					install
libsctp1:amd64					install
libsdl-image1.2:amd64				install
libsdl1.2debian:amd64				install
libsdl2-2.0-0:amd64				install
libsecret-1-0:amd64				install
libsecret-common				install
libselinux1:amd64				install
libselinux1:i386				install
libsemanage-common				install
libsemanage1:amd64				install
libsensors4:amd64				install
libsepol1:amd64					install
libserf-1-1:amd64				install
libservlet2.5-java				install
libservlet3.0-java				install
libsgutils2-2					install
libshine3:amd64					install
libshout3:amd64					install
libsidplay1					install
libsidplay2					install
libsigc++-2.0-0c2a:amd64			install
libsignon-extension1				install
libsignon-glib1					install
libsignon-plugins-common1			install
libsignon-qt5-1					install
libsigsegv2:amd64				install
libsisu-guice-java				install
libsisu-ioc-java				install
libslang2:amd64					install
libslf4j-java					install
libsm-dev:amd64					install
libsm6:amd64					install
libsm6:i386					install
libsmbclient:amd64				install
libsnappy1					install
libsndfile1:amd64				install
libsndfile1:i386				install
libsnmp-base					install
libsnmp30:amd64					install
libsocket6-perl					install
libsonic0:amd64					install
libsort-naturally-perl				install
libsoundtouch0:amd64				install
libsoup-gnome2.4-1:amd64			install
libsoup2.4-1:amd64				install
libsoxr0:amd64					install
libspectre1:amd64				install
libspeechd2:amd64				install
libspeex1:amd64					install
libspeexdsp1:amd64				install
libspeexdsp1:i386				install
libsphinxbase1					install
libspice-server1:amd64				install
libspqr1.3.1:amd64				install
libsqlheavy0.1-0:amd64				install
libsqlite3-0:amd64				install
libsqlite3-0:i386				install
libsqlite3-dev:amd64				install
libss2:amd64					install
libssh2-1:amd64					install
libssl-dev:amd64				install
libssl0.9.8:i386				install
libssl1.0.0:amd64				install
libssl1.0.0:i386				install
libstartup-notification0:amd64			install
libstdc++-4.8-dev:amd64				install
libstdc++-6-dev:amd64				install
libstdc++6:amd64				install
libstdc++6:i386					install
libsub-identify-perl				install
libsub-name-perl				install
libsuitesparse-dev:amd64			install
libsvn1:amd64					install
libswitchboard-2.0-0				install
libswscale-dev					install
libswscale2:amd64				install
libswt-cairo-gtk-3-jni				install
libswt-gnome-gtk-3-jni				install
libswt-gtk-3-java				install
libswt-gtk-3-jni				install
libswt-webkit-gtk-3-jni				install
libsys-hostname-long-perl			install
libsystemd-daemon0:amd64			install
libsystemd-journal0:amd64			install
libsystemd-login0:amd64				install
libsystemsettings1:amd64			install
libtag1-vanilla:amd64				install
libtag1c2a:amd64				install
libtagc0:amd64					install
libtalloc2:amd64				install
libtar0						deinstall
libtasn1-6:amd64				install
libtasn1-6:i386					install
libtbb2						install
libtcl8.6:amd64					install
libtcmalloc-minimal4				install
libtdb1:amd64					install
libtelepathy-glib0:amd64			install
libterm-readkey-perl				install
libterm-ui-perl					install
libtevent0:amd64				install
libtext-charwidth-perl				install
libtext-iconv-perl				install
libtext-levenshtein-perl			install
libtext-soundex-perl				install
libtext-wrapi18n-perl				install
libthai-data					install
libthai0:amd64					install
libthai0:i386					install
libtheora0:amd64				install
libthumbnailer0:amd64				install
libtidy-0.99-0					install
libtie-ixhash-perl				install
libtiff4-dev:amd64				install
libtiff5:amd64					install
libtiff5:i386					install
libtiff5-dev:amd64				install
libtiffxx5:amd64				install
libtimedate-perl				install
libtimezonemap1					install
libtinfo-dev:amd64				install
libtinfo5:amd64					install
libtinfo5:i386					install
libtk8.6:amd64					install
libtomcat7-java					install
libtool						install
libtotem-plparser18				install
libts-0.0-0:amd64				install
libtsan0:amd64					install
libtumbler-1-0					install
libtwolame0					install
libtxc-dxtn-s2tc0:amd64				install
libtxc-dxtn-s2tc0:i386				install
libubsan0:amd64					install
libubuntu-application-api1:amd64		install
libubuntu-download-manager-client0		install
libubuntu-download-manager-common0		install
libubuntu-download-manager-priv0		install
libubuntu-location-service0:amd64		install
libubuntu-platform-hardware-api1:amd64		install
libubuntuoneauth-2.0-0:amd64			install
libudev1:amd64					install
libudev1:i386					install
libudisks2-0:amd64				install
libumfpack5.6.2:amd64				install
libunique-1.0-0					install
libunistring0:amd64				install
libunity-action-qt1:amd64			install
libunity-api0:amd64				install
libunity-control-center1			install
libunity-protocol-private0:amd64		install
libunity-scopes-json-def-desktop		install
libunity-scopes1:amd64				install
libunity9:amd64					install
libunityvoice1:amd64				install
libunwind8					install
libupnp6					install
libupower-glib1:amd64				install
libupstart-app-launch2:amd64			install
liburcu1					install
liburi-perl					install
liburl-dispatcher1:amd64			install
libusageenvironment1				install
libusb-0.1-4:amd64				install
libusb-1.0-0:amd64				install
libusb-1.0-0:i386				install
libusbmuxd2					install
libustr-1.0-1:amd64				install
libuuid-perl					install
libuuid1:amd64					install
libuuid1:i386					install
libv4l-0:amd64					install
libv4l-0:i386					install
libv4l-dev:amd64				install
libv4l2rds0:amd64				install
libv4lconvert0:amd64				install
libv4lconvert0:i386				install
libv8-3.14-dev					install
libv8-3.14.5					install
libva-drm1:amd64				install
libva-x11-1:amd64				install
libva1:amd64					install
libvala-0.28-0:amd64				install
libvamp-hostsdk3:amd64				install
libvcdinfo0					install
libvdpau1:amd64					install
libvidstab1.0					install
libvisual-0.4-0:amd64				install
libvisual-0.4-plugins:amd64			install
libvlc5						install
libvlccore7					deinstall
libvlccore8					install
libvorbis0a:amd64				install
libvorbis0a:i386				install
libvorbisenc2:amd64				install
libvorbisenc2:i386				install
libvorbisfile3:amd64				install
libvpx1:amd64					install
libvpx1:i386					install
libvte-2.90-9					install
libvte-2.90-common				install
libwacom-common					install
libwacom2:amd64					install
libwagon-java					install
libwagon2-java					install
libwavpack1:amd64				install
libwayland-client0:amd64			install
libwayland-cursor0:amd64			install
libwayland-egl1-mesa-lts-vivid:amd64		deinstall
libwayland-egl1-mesa-lts-xenial:amd64		install
libwayland-server0:amd64			install
libwbclient0:amd64				install
libwebkitgtk-1.0-0:amd64			install
libwebkitgtk-1.0-common				install
libwebkitgtk-3.0-0:amd64			install
libwebkitgtk-3.0-common				install
libwebp5:amd64					install
libwebpmux1:amd64				install
libwhoopsie-preferences0			install
libwhoopsie0					install
libwind0-heimdal:amd64				install
libwind0-heimdal:i386				install
libwmf0.2-7:amd64				install
libwmf0.2-7-gtk					install
libwnck-3-0:amd64				install
libwnck-3-common				install
libwnck-common					install
libwnck22					install
libwrap0:amd64					install
libwrap0:i386					install
libwww-mechanize-perl				install
libwww-perl					install
libwww-robotrules-perl				install
libwxbase2.8-0:amd64				install
libwxgtk2.8-0:amd64				install
libx11-6:amd64					install
libx11-6:i386					install
libx11-data					install
libx11-dev:amd64				install
libx11-doc					install
libx11-protocol-perl				install
libx11-xcb1:amd64				install
libx11-xcb1:i386				install
libx264-142:amd64				install
libx264-148:amd64				install
libx265-79:amd64				deinstall
libx265-95:amd64				install
libxalan2-java					install
libxapian22					install
libxatracker2-lts-vivid:amd64			deinstall
libxatracker2-lts-xenial:amd64			install
libxau-dev:amd64				install
libxau6:amd64					install
libxau6:i386					install
libxaw7:amd64					install
libxbean-java					install
libxcb-composite0:amd64				install
libxcb-dri2-0:amd64				install
libxcb-dri2-0:i386				install
libxcb-dri3-0:amd64				install
libxcb-dri3-0:i386				install
libxcb-glx0:amd64				install
libxcb-glx0:i386				install
libxcb-icccm4:amd64				install
libxcb-image0:amd64				install
libxcb-keysyms1:amd64				install
libxcb-present0:amd64				install
libxcb-present0:i386				install
libxcb-randr0:amd64				install
libxcb-render-util0:amd64			install
libxcb-render0:amd64				install
libxcb-render0:i386				install
libxcb-render0-dev:amd64			install
libxcb-shape0:amd64				install
libxcb-shm0:amd64				install
libxcb-shm0:i386				install
libxcb-shm0-dev:amd64				install
libxcb-sync1:amd64				install
libxcb-sync1:i386				install
libxcb-util0:amd64				install
libxcb-xfixes0:amd64				install
libxcb-xkb1:amd64				install
libxcb-xv0:amd64				install
libxcb1:amd64					install
libxcb1:i386					install
libxcb1-dev:amd64				install
libxcomposite-dev				install
libxcomposite1:amd64				install
libxcomposite1:i386				install
libxcursor-dev:amd64				install
libxcursor1:amd64				install
libxcursor1:i386				install
libxdamage-dev:amd64				install
libxdamage1:amd64				install
libxdamage1:i386				install
libxdmcp-dev:amd64				install
libxdmcp6:amd64					install
libxdmcp6:i386					install
libxerces2-java					install
libxext-dev:amd64				install
libxext6:amd64					install
libxext6:i386					install
libxfixes-dev:amd64				install
libxfixes3:amd64				install
libxfixes3:i386					install
libxfont1:amd64					install
libxft-dev					install
libxft2:amd64					install
libxi-dev					install
libxi6:amd64					install
libxi6:i386					install
libxinerama-dev:amd64				install
libxinerama1:amd64				install
libxinerama1:i386				install
libxkbcommon-x11-0:amd64			install
libxkbcommon0:amd64				install
libxkbfile1:amd64				install
libxklavier16					install
libxml-commons-external-java			install
libxml-commons-resolver1.1-java			install
libxml-namespacesupport-perl			install
libxml-parser-perl				install
libxml-sax-base-perl				install
libxml-sax-expat-perl				install
libxml-sax-perl					install
libxml-simple-perl				install
libxml-twig-perl				install
libxml-xpathengine-perl				install
libxml2:amd64					install
libxml2:i386					install
libxml2-utils					install
libxmlgraphics-commons-java			install
libxmmsclient6					install
libxmu6:amd64					install
libxmuu1:amd64					install
libxom-java					install
libxpm4:amd64					install
libxpm4:i386					install
libxpp2-java					install
libxpp3-java					install
libxrandr-dev:amd64				install
libxrandr2:amd64				install
libxrandr2:i386					install
libxrender-dev:amd64				install
libxrender1:amd64				install
libxrender1:i386				install
libxres1:amd64					install
libxshmfence1:amd64				install
libxshmfence1:i386				install
libxslt1.1:amd64				install
libxslt1.1:i386					install
libxss1:amd64					install
libxstream-java					install
libxt-dev:amd64					install
libxt6:amd64					install
libxt6:i386					install
libxtables10					install
libxtst6:amd64					install
libxv1:amd64					install
libxvidcore4:amd64				install
libxvmc1:amd64					install
libxxf86dga1:amd64				install
libxxf86vm1:amd64				install
libxxf86vm1:i386				install
libyajl2:amd64					install
libyaml-0-2:amd64				install
libyaml-dev:amd64				install
libyaml-snake-java				install
libyaml-tiny-perl				install
libyelp0					install
libzeitgeist-1.0-1				install
libzeitgeist-2.0-0:amd64			install
libzephyr4:amd64				install
libzmq3:amd64					install
libzmqpp3:amd64					install
libzvbi-common					install
libzvbi0:amd64					install
light-locker					install
lightdm						install
lintian						install
linux-firmware					install
linux-generic-lts-vivid				install
linux-generic-lts-xenial			install
linux-headers-3.19.0-47				install
linux-headers-3.19.0-47-generic			install
linux-headers-3.19.0-49				install
linux-headers-3.19.0-49-generic			install
linux-headers-3.19.0-51				install
linux-headers-3.19.0-51-generic			install
linux-headers-3.19.0-56				install
linux-headers-3.19.0-56-generic			install
linux-headers-3.19.0-61				install
linux-headers-3.19.0-61-generic			install
linux-headers-3.19.0-64				install
linux-headers-3.19.0-64-generic			install
linux-headers-3.19.0-65				install
linux-headers-3.19.0-65-generic			install
linux-headers-3.19.0-66				install
linux-headers-3.19.0-66-generic			install
linux-headers-3.19.0-68				install
linux-headers-3.19.0-68-generic			install
linux-headers-3.19.0-69				install
linux-headers-3.19.0-69-generic			install
linux-headers-3.19.0-71				install
linux-headers-3.19.0-71-generic			install
linux-headers-3.19.0-73				install
linux-headers-3.19.0-73-generic			install
linux-headers-4.4.0-36				install
linux-headers-4.4.0-36-generic			install
linux-headers-4.4.0-38				install
linux-headers-4.4.0-38-generic			install
linux-headers-4.4.0-42				install
linux-headers-4.4.0-42-generic			install
linux-headers-4.4.0-45				install
linux-headers-4.4.0-45-generic			install
linux-headers-generic-lts-vivid			install
linux-headers-generic-lts-xenial		install
linux-image-3.19.0-39-generic			deinstall
linux-image-3.19.0-47-generic			install
linux-image-3.19.0-49-generic			install
linux-image-3.19.0-51-generic			install
linux-image-3.19.0-56-generic			install
linux-image-3.19.0-58-generic			deinstall
linux-image-3.19.0-61-generic			install
linux-image-3.19.0-64-generic			install
linux-image-3.19.0-65-generic			install
linux-image-3.19.0-66-generic			install
linux-image-3.19.0-68-generic			install
linux-image-3.19.0-69-generic			install
linux-image-3.19.0-71-generic			install
linux-image-3.19.0-73-generic			install
linux-image-4.4.0-36-generic			install
linux-image-4.4.0-38-generic			install
linux-image-4.4.0-42-generic			install
linux-image-4.4.0-45-generic			install
linux-image-extra-3.19.0-39-generic		deinstall
linux-image-extra-3.19.0-47-generic		install
linux-image-extra-3.19.0-49-generic		install
linux-image-extra-3.19.0-51-generic		install
linux-image-extra-3.19.0-56-generic		install
linux-image-extra-3.19.0-58-generic		deinstall
linux-image-extra-3.19.0-61-generic		install
linux-image-extra-3.19.0-64-generic		install
linux-image-extra-3.19.0-65-generic		install
linux-image-extra-3.19.0-66-generic		install
linux-image-extra-3.19.0-68-generic		install
linux-image-extra-3.19.0-69-generic		install
linux-image-extra-3.19.0-71-generic		install
linux-image-extra-3.19.0-73-generic		install
linux-image-extra-4.4.0-36-generic		deinstall
linux-image-extra-4.4.0-38-generic		install
linux-image-extra-4.4.0-42-generic		install
linux-image-extra-4.4.0-45-generic		install
linux-image-generic-lts-vivid			install
linux-image-generic-lts-xenial			install
linux-libc-dev:amd64				install
linux-signed-image-3.19.0-39-generic		deinstall
linux-signed-image-3.19.0-47-generic		install
linux-signed-image-3.19.0-49-generic		install
linux-signed-image-3.19.0-51-generic		install
linux-signed-image-3.19.0-56-generic		install
linux-signed-image-3.19.0-58-generic		deinstall
linux-signed-image-3.19.0-61-generic		install
linux-signed-image-3.19.0-64-generic		deinstall
linux-signed-image-3.19.0-65-generic		install
linux-signed-image-3.19.0-66-generic		install
linux-signed-image-3.19.0-68-generic		install
linux-signed-image-3.19.0-69-generic		install
linux-signed-image-3.19.0-71-generic		install
linux-signed-image-3.19.0-73-generic		install
linux-signed-image-4.4.0-36-generic		install
linux-signed-image-4.4.0-38-generic		install
linux-signed-image-4.4.0-42-generic		install
linux-signed-image-4.4.0-45-generic		install
linux-signed-image-generic-lts-vivid		install
linux-signed-image-generic-lts-xenial		install
linux-sound-base				install
lksctp-tools					install
lmodern						install
locales						install
lockfile-progs					install
login						install
logrotate					install
lp-solve					install
lsb-base					install
lsb-release					install
lshw						install
lsof						install
ltrace						install
luatex						install
lybniz						install
m4						install
make						install
makedev						install
man-db						install
manpages					install
manpages-dev					install
maven						install
mawk						install
maya-calendar					install
maya-calendar-common				install
maya-calendar-plugin-caldav			install
maya-calendar-plugin-google			install
mbuntu-y-icons-v4				install
mbuntu-y-ithemes-v4				install
mediascanner2.0					install
menu						install
mercurial					install
mercurial-common				install
midori-granite					install
mime-support					install
mlocate						install
mobile-broadband-provider-info			install
modemmanager					deinstall
module-init-tools				install
moka-icon-theme					deinstall
mokutil						install
mongodb-clients					install
mongodb-server					install
mono-4.0-gac					install
mono-gac					install
mono-runtime					install
mono-runtime-common				install
mono-runtime-sgen				install
mount						install
mountall					install
mousetweaks					install
mscompress					install
mtpfs						install
mtr-tiny					install
multiarch-support				install
mutter-common					install
mysql-client-5.5				install
mysql-client-core-5.5				install
mysql-common					install
mysql-server					install
mysql-server-5.5				install
mysql-server-core-5.5				install
nano						install
nautilus					install
nautilus-data					install
nautilus-sendto					install
ncdu						install
ncurses-base					install
ncurses-bin					install
net-tools					install
netbase						install
netcat-openbsd					install
netpbm						install
network-manager					install
network-manager-gnome				install
network-manager-pptp				install
network-manager-pptp-gnome			install
node-abbrev					install
node-ansi					install
node-archy					install
node-async					install
node-block-stream				install
node-combined-stream				install
node-cookie-jar					install
node-delayed-stream				install
node-forever-agent				install
node-form-data					install
node-fstream					install
node-fstream-ignore				install
node-github-url-from-git			install
node-glob					install
node-graceful-fs				install
node-gyp					install
node-inherits					install
node-ini					install
node-json-stringify-safe			install
node-lockfile					install
node-lru-cache					install
node-mime					install
node-minimatch					install
node-mkdirp					install
node-mute-stream				install
node-node-uuid					install
node-nopt					install
node-normalize-package-data			install
node-npmlog					install
node-once					install
node-osenv					install
node-qs						install
node-read					install
node-read-package-json				install
node-request					install
node-retry					install
node-rimraf					install
node-semver					install
node-sha					install
node-sigmund					install
node-slide					install
node-tar					install
node-tunnel-agent				install
node-which					install
nodejs						install
nodejs-dev					install
nodejs-legacy					install
noise						install
notification-daemon				install
npm						install
nsnake						install
nspluginviewer					install
nspluginwrapper					install
ntfs-3g						install
ntpdate						install
numix-icon-theme				install
numix-icon-theme-circle				install
numlockx					install
obex-data-server				install
obexd-client					install
ocl-icd-libopencl1:amd64			install
ocl-icd-libopencl1:i386				install
odbcinst					install
odbcinst1debian2:amd64				install
ofono						install
onboard						install
onboard-data					install
oneconf						install
oneconf-common					install
openjdk-7-jdk:amd64				install
openjdk-7-jre:amd64				install
openjdk-7-jre-headless:amd64			install
openprinting-ppds				install
openssh-client					install
openssl						install
oracle-java8-installer				install
oracle-java8-set-default			install
os-prober					install
p11-kit						install
p11-kit-modules:amd64				install
p11-kit-modules:i386				install
p7zip						install
p7zip-full					install
pacifica-icon-theme				install
packagekit-tools				install
pandoc						install
pandoc-citeproc					install
pandoc-data					install
pantheon					install
pantheon-calculator				install
pantheon-files					install
pantheon-greeter				install
pantheon-photos					install
pantheon-photos-common				install
pantheon-print					install
pantheon-shell					install
pantheon-terminal				install
pantheon-xsession-settings			install
parted						install
passwd						install
patch						install
patchutils					install
pavucontrol					install
pciutils					install
pcmciautils					install
pep8						install
pepperflashplugin-nonfree			install
perl						install
perl-base					install
perl-modules					install
perlmagick					install
pgf						install
php-gettext					install
php5-cgi					install
php5-cli					install
php5-common					install
php5-gd						install
php5-json					install
php5-mcrypt					install
php5-mysql					install
php5-mysqlnd					deinstall
php5-readline					install
phpmyadmin					install
pidgin						install
pidgin-data					install
pidgin-libnotify				install
pinta						install
pkg-config					install
plank						install
plymouth					install
plymouth-label					install
plymouth-theme-elementary			install
plymouth-theme-elementary-text			install
po-debconf					install
policykit-1					install
policykit-1-gnome				install
policykit-desktop-privileges			install
poppler-data					install
poppler-utils					install
powerd						install
powermgmt-base					install
ppa-purge					install
ppp						install
pppconfig					install
pppoeconf					install
pptp-linux					install
preview-latex-style				install
printer-driver-c2esp				install
printer-driver-foo2zjs				install
printer-driver-foo2zjs-common			install
printer-driver-gutenprint			install
printer-driver-hpcups				install
printer-driver-min12xxw				install
printer-driver-pnm2ppa				install
printer-driver-postscript-hp			install
printer-driver-ptouch				install
printer-driver-pxljr				install
printer-driver-sag-gdi				install
printer-driver-splix				install
procps						install
prosper						install
ps2eps						install
psmisc						install
pulseaudio					install
pulseaudio-module-bluetooth			install
pulseaudio-module-gconf				install
pulseaudio-module-x11				install
pulseaudio-utils				install
pycharm-community				install
pyflakes					install
pylint						install
python						install
python-all					install
python-all-dbg					install
python-all-dev					install
python-appindicator				install
python-apt					install
python-apt-common				install
python-aptdaemon				install
python-aptdaemon.gtk3widgets			install
python-astroid					install
python-cairo					install
python-chardet					install
python-chardet-whl				install
python-colorama					install
python-colorama-whl				install
python-commandnotfound				install
python-crypto					install
python-cups					install
python-cupshelpers				install
python-dateutil					install
python-dbg					install
python-dbus					install
python-dbus-dev					install
python-debian					install
python-debtagshw				install
python-decorator				install
python-defer					install
python-dev					install
python-dirspec					install
python-distlib					install
python-distlib-whl				install
python-dnspython				install
python-docutils					install
python-egenix-mxdatetime			install
python-egenix-mxtools				install
python-feedparser				install
python-gconf					install
python-gdbm					install
python-gi					install
python-gi-cairo					install
python-glade2					install
python-gnome2					install
python-gnomekeyring				install
python-gobject					install
python-gobject-2				install
python-gtk2					install
python-html5lib					install
python-html5lib-whl				install
python-httplib2					install
python-ibus					install
python-imaging					install
python-jinja2					install
python-ldb					install
python-libxml2					install
python-lockfile					install
python-logilab-common				install
python-lxml					install
python-mako					install
python-markupsafe				install
python-matplotlib				install
python-matplotlib-data				install
python-minimal					install
python-nose					install
python-notify					install
python-numpy					install
python-numpy-dbg				install
python-oauthlib					install
python-oneconf					install
python-opencv					install
python-openssl					install
python-pam					install
python-pexpect					install
python-pil					install
python-pip					install
python-pip-whl					install
python-piston-mini-client			install
python-pkg-resources				install
python-psutil					install
python-pygments					install
python-pyorbit					install
python-pyparsing				install
python-qt4					install
python-renderpm					install
python-reportlab				install
python-reportlab-accel				install
python-requests					install
python-requests-whl				install
python-roman					install
python-rope					install
python-samba					install
python-scipy					install
python-serial					install
python-setuptools				install
python-setuptools-whl				install
python-simplegeneric				install
python-sip					install
python-six					install
python-six-whl					install
python-smbc					install
python-sphinx					install
python-spyderlib				install
python-support					install
python-svn					install
python-talloc					install
python-tdb					install
python-tk					install
python-twisted-bin				install
python-twisted-core				install
python-twisted-web				install
python-tz					install
python-ubuntu-sso-client			install
python-urllib3					install
python-urllib3-whl				install
python-utidylib					install
python-wheel					install
python-xapian					install
python-xdg					install
python-zeitgeist				install
python-zmq					install
python-zope.interface				install
python2.7					install
python2.7-dbg					install
python2.7-dev					install
python2.7-minimal				install
python3						install
python3-all					install
python3-all-dbg					install
python3-all-dev					install
python3-apparmor				install
python3-apparmor-click				install
python3-apport					install
python3-apt					install
python3-aptdaemon				install
python3-aptdaemon.gtk3widgets			install
python3-aptdaemon.pkcompat			install
python3-brlapi					install
python3-cairo					install
python3-chardet					install
python3-click					install
python3-colorama				install
python3-commandnotfound				install
python3-crypto					install
python3-dbg					install
python3-dbus					install
python3-debian					install
python3-decorator				install
python3-defer					install
python3-dev					install
python3-distlib					install
python3-distupgrade				install
python3-gdbm:amd64				install
python3-gi					install
python3-gi-cairo				install
python3-gnupg					install
python3-html5lib				install
python3-httplib2				install
python3-libapparmor				install
python3-louis					install
python3-minimal					install
python3-nose					install
python3-numpy					install
python3-numpy-dbg				install
python3-oauthlib				install
python3-oneconf					install
python3-pip					install
python3-piston-mini-client			install
python3-pkg-resources				install
python3-problem-report				install
python3-pyatspi					install
python3-pycurl					install
python3-requests				install
python3-setuptools				install
python3-six					install
python3-software-properties			install
python3-speechd					install
python3-uno					install
python3-update-manager				install
python3-urllib3					install
python3-wheel					install
python3-xdg					install
python3-xkit					install
python3.4					install
python3.4-dbg					install
python3.4-dev					install
python3.4-minimal				install
qdbus						install
qpdf						install
qt-at-spi:amd64					install
qtchooser					install
qtcore4-l10n					install
qtdeclarative5-dee-plugin			install
qtdeclarative5-folderlistmodel-plugin:amd64	install
qtdeclarative5-gsettings1.0			install
qtdeclarative5-systeminfo-plugin:amd64		install
qtdeclarative5-ubuntu-settings-components-assets	install
qtdeclarative5-unity-action-plugin:amd64	install
qtdeclarative5-unity-notifications-plugin:amd64	install
qtdeclarative5-xmllistmodel-plugin:amd64	install
readline-common					install
realpath					install
recordmydesktop					install
remindor-common					install
resolvconf					install
rfkill						install
rhino						install
rsync						install
rsyslog						install
rtkit						install
ruby						install
ruby1.9.1					install
samba						install
samba-common					install
samba-common-bin				install
samba-dsdb-modules				install
samba-libs:amd64				install
samba-vfs-modules				install
sane-utils					install
sbsigntool					install
scratch-text-editor				install
secureboot-db					install
sed						install
sensible-utils					install
session-migration				install
sessioninstaller				install
sgml-base					install
shared-mime-info				install
shim						install
shim-signed					install
shutter						install
signon-plugin-password				install
signon-ui					install
signond						install
simple-scan					install
slingshot-launcher				install
smbclient					install
snap-photobooth					install
sni-qt:amd64					install
software-center					install
software-center-aptdaemon-plugins		install
software-properties-common			install
software-properties-gtk				install
solr-common					deinstall
solr-tomcat					deinstall
sound-theme-freedesktop				install
speech-dispatcher				install
speech-dispatcher-audio-plugins:amd64		install
sphinx-common					install
sphinx-doc					install
sphinx-voxforge-hmm-en				install
sphinx-voxforge-lm-en				install
spyder						install
sqlite3						install
square-icons					install
ssh-askpass-gnome				install
ssl-cert					install
strace						install
sublime-text-installer				install
sudo						install
suru-icon-theme					install
swig						install
swig2.0						install
switchboard					install
switchboard-gnome-control-center-override	install
switchboard-plug-about				install
switchboard-plug-applications			install
switchboard-plug-datetime			install
switchboard-plug-display			install
switchboard-plug-gcc-bluetooth			install
switchboard-plug-gcc-color			install
switchboard-plug-gcc-mouse			install
switchboard-plug-gcc-network			install
switchboard-plug-gcc-printer			install
switchboard-plug-gcc-sound			install
switchboard-plug-gcc-ua				install
switchboard-plug-gcc-wacom			install
switchboard-plug-keyboard			install
switchboard-plug-locale				install
switchboard-plug-notifications			install
switchboard-plug-pantheon-shell			install
switchboard-plug-power				install
switchboard-plug-security-privacy		install
switchboard-plug-useraccounts			install
switchboard-plug-users				install
system-config-printer-common			install
system-config-printer-gnome			install
system-config-printer-udev			install
system-image-common				install
system-image-dbus				install
systemd-services				install
systemd-shim					install
sysv-rc						install
sysvinit-utils					install
t1utils						install
tar						install
tcl						install
tcl8.6						install
tcpd						install
tcpdump						install
tdb-tools					install
telnet						install
testng						install
tex-common					install
tex-gyre					install
texlive						install
texlive-base					install
texlive-binaries				install
texlive-extra-utils				install
texlive-font-utils				install
texlive-fonts-recommended			install
texlive-fonts-recommended-doc			install
texlive-generic-recommended			install
texlive-latex-base				install
texlive-latex-base-doc				install
texlive-latex-extra				install
texlive-latex-extra-doc				install
texlive-latex-recommended			install
texlive-latex-recommended-doc			install
texlive-luatex					install
texlive-pictures				install
texlive-pictures-doc				install
texlive-pstricks				install
texlive-pstricks-doc				install
thermald					install
thumbnailer-service				install
thunderbird					install
time						install
tipa						install
tk						install
tk8.6						install
tomcat6						deinstall
toshset						install
tsconf						install
ttf-indic-fonts-core				install
ttf-mscorefonts-installer			install
ttf-punjabi-fonts				install
ttf-ubuntu-font-family				install
ttf-wqy-microhei				install
tumbler						install
tumbler-common					install
tumbler-plugins-extra				install
tzdata						install
tzdata-java					install
ubuntu-download-manager				install
ubuntu-drivers-common				install
ubuntu-extras-keyring				install
ubuntu-keyring					install
ubuntu-minimal					install
ubuntu-mobile-icons				install
ubuntu-mono					install
ubuntu-release-upgrader-core			install
ubuntu-release-upgrader-gtk			install
ubuntu-sso-client				install
ubuntu-system-service				install
ubuntu-touch-sounds				install
ubuntu-ui-toolkit-theme				install
ubuntuone-client-data				install
ubuntuone-credentials-common			install
ucf						install
udev						install
udisks2						install
ufw						install
unattended-upgrades				install
unity-scope-mediascanner2			install
unity-scope-scopes				install
unity-services					install
unity-voice-service:amd64			install
unixodbc					install
uno-libs3					install
unzip						install
update-inetd					install
update-manager					install
update-manager-core				install
update-notifier					install
update-notifier-common				install
upower						install
upstart						install
upstart-app-launch				install
upstart-app-launch-tools			install
ure						install
ureadahead					install
usb-modeswitch					deinstall
usb-modeswitch-data				deinstall
usbmuxd						install
usbutils					install
user-specific-alternatives			install
usermetricsservice:amd64			install
util-linux					install
uuid-runtime					install
va-driver-all:amd64				install
vdpau-va-driver:amd64				install
vim						install
vim-common					install
vim-runtime					install
vim-tiny					install
vlc						install
vlc-data					install
vlc-nox						install
vlc-plugin-notify				install
vlc-plugin-samba				install
vnstat						install
vuze						install
wamerican					install
wbrazilian					install
wbritish					install
wbulgarian					install
wcatalan					install
webhttrack					install
webhttrack-common				install
wfrench						install
wget						install
whiptail					install
whoopsie					install
whoopsie-preferences				install
winbind						install
wine						install
wine-gecko2.21:amd64				install
wine-gecko2.21:i386				install
wine-mono0.0.8					install
wine1.6						install
wine1.6-amd64					install
wine1.6-i386					install
winetricks					install
wingpanel					install
wireless-regdb					install
wireless-tools					install
witalian					install
wngerman					install
wodim						install
wordnet						install
wordnet-base					install
wordnet-sense-index				install
wpasupplicant					install
wpolish						install
wportuguese					install
wspanish					install
wswedish					install
wukrainian					install
x11-apps					install
x11-common					install
x11-session-utils				install
x11-utils					install
x11-xfs-utils					install
x11-xkb-utils					install
x11-xserver-utils				install
x11proto-composite-dev				install
x11proto-core-dev				install
x11proto-damage-dev				install
x11proto-fixes-dev				install
x11proto-input-dev				install
x11proto-kb-dev					install
x11proto-randr-dev				install
x11proto-render-dev				install
x11proto-xext-dev				install
x11proto-xinerama-dev				install
xauth						install
xbitmaps					install
xcursor-themes					install
xdg-user-dirs					install
xdg-user-dirs-gtk				deinstall
xdg-utils					install
xfonts-base					install
xfonts-encodings				install
xfonts-scalable					install
xfonts-utils					install
xinit						install
xinput						install
xkb-data					install
xml-core					install
xorg						install
xorg-docs-core					install
xorg-sgml-doctools				install
xsel						install
xserver-common					install
xserver-xorg-core-lts-vivid			deinstall
xserver-xorg-core-lts-xenial			install
xserver-xorg-input-all-lts-xenial		install
xserver-xorg-input-evdev-lts-xenial		install
xserver-xorg-input-synaptics-lts-xenial		install
xserver-xorg-input-vmmouse-lts-xenial		install
xserver-xorg-input-wacom-lts-xenial		install
xserver-xorg-lts-vivid				deinstall
xserver-xorg-lts-xenial				install
xserver-xorg-video-all-lts-xenial		install
xserver-xorg-video-amdgpu-lts-xenial		install
xserver-xorg-video-ati-lts-xenial		install
xserver-xorg-video-cirrus-lts-xenial		install
xserver-xorg-video-fbdev-lts-xenial		install
xserver-xorg-video-intel-lts-vivid		deinstall
xserver-xorg-video-intel-lts-xenial		install
xserver-xorg-video-mach64-lts-xenial		install
xserver-xorg-video-mga-lts-xenial		install
xserver-xorg-video-neomagic-lts-xenial		install
xserver-xorg-video-nouveau-lts-xenial		install
xserver-xorg-video-openchrome-lts-vivid		deinstall
xserver-xorg-video-openchrome-lts-xenial	install
xserver-xorg-video-qxl-lts-xenial		install
xserver-xorg-video-r128-lts-xenial		install
xserver-xorg-video-radeon-lts-xenial		install
xserver-xorg-video-savage-lts-xenial		install
xserver-xorg-video-siliconmotion-lts-xenial	install
xserver-xorg-video-sisusb-lts-xenial		install
xserver-xorg-video-tdfx-lts-xenial		install
xserver-xorg-video-trident-lts-xenial		install
xserver-xorg-video-vesa-lts-xenial		install
xserver-xorg-video-vmware-lts-vivid		deinstall
xserver-xorg-video-vmware-lts-xenial		install
xtrans-dev					install
xul-ext-ubufox					install
xvfb						install
xz-utils					install
yelp						install
yelp-xsl					install
zeitgeist					install
zeitgeist-core					install
zeitgeist-datahub				install
zenity						install
zenity-common					install
zip						install
zlib1g:amd64					install
zlib1g:i386					install
zlib1g-dev:amd64				install
zsh						install
zsh-common					install
